<?xml version="1.0" encoding="UTF-8"?>
<!-- Generated by org.testng.reporters.JUnitReportReporter -->
<testsuite hostname="Humanities-PC" name="test.resources.DriverScript" tests="1" failures="0" timestamp="16 Apr 2016 21:31:01 GMT" time="111.170" errors="0">
  <testcase name="TestApp" time="111.170" classname="test.resources.DriverScript"/>
</testsuite> <!-- test.resources.DriverScript -->
