<?xml version="1.0" encoding="UTF-8"?>
<!-- Generated by org.testng.reporters.JUnitReportReporter -->
<testsuite hostname="Humanities-PC" name="twtest.DriverScript" tests="1" failures="0" timestamp="16 Apr 2016 01:35:14 GMT" time="453.922" errors="0">
  <testcase name="TestApp" time="453.922" classname="twtest.DriverScript"/>
</testsuite> <!-- twtest.DriverScript -->
