<?xml version="1.0" encoding="UTF-8"?>
<!-- Generated by org.testng.reporters.JUnitReportReporter -->
<testsuite hostname="Humanities-PC" name="test.resources.DriverScript" tests="1" failures="0" timestamp="16 Apr 2016 21:34:19 GMT" time="214.615" errors="0">
  <testcase name="TestApp" time="214.615" classname="test.resources.DriverScript"/>
</testsuite> <!-- test.resources.DriverScript -->
