<?xml version="1.0" encoding="UTF-8"?>
<!-- Generated by org.testng.reporters.JUnitReportReporter -->
<testsuite hostname="gary-PC" name="wsgtest.DriverScript" tests="1" failures="0" timestamp="14 Apr 2016 02:26:13 GMT" time="52.344" errors="0">
  <testcase name="TestApp" time="52.344" classname="wsgtest.DriverScript"/>
</testsuite> <!-- wsgtest.DriverScript -->
